<?xml version="1.0" encoding="UTF-8"?>
<!-- Generated by org.testng.reporters.JUnitXMLReporter -->
<testsuite ignored="1" hostname="YHOSSAM" failures="0" tests="1" name="checkoutRndItemWithMissingData" time="8.112" errors="0" timestamp="2023-07-30T16:06:07 EEST">
  <testcase classname="com.demoblaze.CheckoutTests" name="checkoutWithMissingData" time="5.38"/>
  <testcase classname="com.demoblaze.CheckoutTests" name="checkoutRandomItem" time="0.0">
    <ignored/>
  </testcase> <!-- checkoutRandomItem -->
</testsuite> <!-- checkoutRndItemWithMissingData -->
