<?xml version="1.0" encoding="UTF-8"?>
<!-- Generated by org.testng.reporters.JUnitXMLReporter -->
<testsuite ignored="1" hostname="YHOSSAM" failures="0" tests="1" name="checkoutRndItemWithFullData" time="10.217" errors="0" timestamp="2023-07-30T16:05:59 EEST">
  <testcase classname="com.demoblaze.CheckoutTests" name="checkoutRandomItem" time="6.408"/>
  <testcase classname="com.demoblaze.CheckoutTests" name="checkoutWithMissingData" time="0.0">
    <ignored/>
  </testcase> <!-- checkoutWithMissingData -->
</testsuite> <!-- checkoutRndItemWithFullData -->
