<?xml version="1.0" encoding="UTF-8"?>
<!-- Generated by org.testng.reporters.JUnitXMLReporter -->
<testsuite ignored="1" hostname="YHOSSAM" failures="0" tests="1" name="registerNewUser" time="4.675" errors="0" timestamp="2023-07-30T15:57:37 EEST">
  <testcase classname="com.demoblaze.RegistrationTests" name="registerUserTests" time="1.447"/>
  <testcase classname="com.demoblaze.RegistrationTests" name="incompleteRegistrationTest" time="0.0">
    <ignored/>
  </testcase> <!-- incompleteRegistrationTest -->
</testsuite> <!-- registerNewUser -->
