<?xml version="1.0" encoding="UTF-8"?>
<!-- Generated by org.testng.reporters.JUnitXMLReporter -->
<testsuite ignored="1" hostname="YHOSSAM" failures="0" tests="1" name="removeItemFromCart" time="6.812" errors="0" timestamp="2023-07-30T16:05:30 EEST">
  <testcase classname="com.demoblaze.AddRemoveCartItemsTests" name="removeItemFromCart" time="4.593"/>
  <testcase classname="com.demoblaze.AddRemoveCartItemsTests" name="addRandomItemToCart" time="0.0">
    <ignored/>
  </testcase> <!-- addRandomItemToCart -->
</testsuite> <!-- removeItemFromCart -->
