<?xml version="1.0" encoding="UTF-8"?>
<!-- Generated by org.testng.reporters.JUnitXMLReporter -->
<testsuite ignored="2" hostname="YHOSSAM" failures="0" tests="1" name="loginWithIncorrectPassword" time="3.083" errors="0" timestamp="2023-07-30T15:58:00 EEST">
  <testcase classname="com.demoblaze.LoginTests" name="loginNonRegistered_incorrectPassword" time="1.455"/>
  <testcase classname="com.demoblaze.LoginTests" name="loginExistingUser" time="0.0">
    <ignored/>
  </testcase> <!-- loginExistingUser -->
  <testcase classname="com.demoblaze.LoginTests" name="incompleteLoginData" time="0.0">
    <ignored/>
  </testcase> <!-- incompleteLoginData -->
</testsuite> <!-- loginWithIncorrectPassword -->
