<?xml version="1.0" encoding="UTF-8"?>
<!-- Generated by org.testng.reporters.JUnitXMLReporter -->
<testsuite ignored="2" hostname="YHOSSAM" failures="0" tests="1" name="loginExistingUser" time="5.212" errors="0" timestamp="2023-07-30T15:57:53 EEST">
  <testcase classname="com.demoblaze.LoginTests" name="loginExistingUser" time="2.317"/>
  <testcase classname="com.demoblaze.LoginTests" name="loginNonRegistered_incorrectPassword" time="0.0">
    <ignored/>
  </testcase> <!-- loginNonRegistered_incorrectPassword -->
  <testcase classname="com.demoblaze.LoginTests" name="incompleteLoginData" time="0.0">
    <ignored/>
  </testcase> <!-- incompleteLoginData -->
</testsuite> <!-- loginExistingUser -->
