<?xml version="1.0" encoding="UTF-8"?>
<!-- Generated by org.testng.reporters.JUnitXMLReporter -->
<testsuite ignored="2" hostname="YHOSSAM" failures="0" tests="1" name="loginWithIncompleteData" time="2.44" errors="0" timestamp="2023-07-30T15:58:02 EEST">
  <testcase classname="com.demoblaze.LoginTests" name="incompleteLoginData" time="0.759"/>
  <testcase classname="com.demoblaze.LoginTests" name="loginNonRegistered_incorrectPassword" time="0.0">
    <ignored/>
  </testcase> <!-- loginNonRegistered_incorrectPassword -->
  <testcase classname="com.demoblaze.LoginTests" name="loginExistingUser" time="0.0">
    <ignored/>
  </testcase> <!-- loginExistingUser -->
</testsuite> <!-- loginWithIncompleteData -->
