<?xml version="1.0" encoding="UTF-8"?>
<!-- Generated by org.testng.reporters.JUnitXMLReporter -->
<testsuite ignored="3" hostname="YHOSSAM" failures="0" tests="1" name="registerNewUser" time="8.252" errors="0" timestamp="2023-07-30T04:28:45 EEST">
  <testcase classname="com.demoblaze.LoginTests" name="loginExistingUser" time="3.732"/>
  <testcase classname="com.demoblaze.LoginTests" name="loginNonRegisteredUser" time="0.0">
    <ignored/>
  </testcase> <!-- loginNonRegisteredUser -->
  <testcase classname="com.demoblaze.LoginTests" name="incorrectCredentialsLogin" time="0.0">
    <ignored/>
  </testcase> <!-- incorrectCredentialsLogin -->
  <testcase classname="com.demoblaze.LoginTests" name="incompleteLoginData" time="0.0">
    <ignored/>
  </testcase> <!-- incompleteLoginData -->
</testsuite> <!-- registerNewUser -->
