<?xml version="1.0" encoding="UTF-8"?>
<testng-results ignored="0" total="2" passed="2" failed="0" skipped="0">
  <reporter-output>
  </reporter-output>
  <suite started-at="2023-07-30T16:05:49 EEST" name="checkoutTests" finished-at="2023-07-30T16:06:07 EEST" duration-ms="18347">
    <groups>
    </groups>
    <test started-at="2023-07-30T16:05:49 EEST" name="checkoutRndItemWithFullData" finished-at="2023-07-30T16:05:59 EEST" duration-ms="10217">
      <class name="com.demoblaze.CheckoutTests">
        <test-method is-config="true" signature="setUp()[pri:0, instance:com.demoblaze.CheckoutTests@3e694b3f]" started-at="2023-07-30T16:05:49 EEST" name="setUp" finished-at="2023-07-30T16:05:52 EEST" duration-ms="3410" status="PASS">
          <reporter-output>
          </reporter-output>
        </test-method> <!-- setUp -->
        <test-method signature="checkoutRandomItem(java.lang.String,java.lang.String,java.lang.String,java.lang.String,java.lang.String,java.lang.String)[pri:0, instance:com.demoblaze.CheckoutTests@3e694b3f]" started-at="2023-07-30T16:05:52 EEST" name="checkoutRandomItem" finished-at="2023-07-30T16:05:59 EEST" duration-ms="6408" status="PASS">
          <params>
            <param index="0">
              <value>
                <![CDATA[Carl John]]>
              </value>
            </param>
            <param index="1">
              <value>
                <![CDATA[UK]]>
              </value>
            </param>
            <param index="2">
              <value>
                <![CDATA[Leyland]]>
              </value>
            </param>
            <param index="3">
              <value>
                <![CDATA[12345678910]]>
              </value>
            </param>
            <param index="4">
              <value>
                <![CDATA[July]]>
              </value>
            </param>
            <param index="5">
              <value>
                <![CDATA[2023]]>
              </value>
            </param>
          </params>
          <reporter-output>
          </reporter-output>
        </test-method> <!-- checkoutRandomItem -->
        <test-method is-config="true" signature="tearDown()[pri:0, instance:com.demoblaze.CheckoutTests@3e694b3f]" started-at="2023-07-30T16:05:59 EEST" name="tearDown" finished-at="2023-07-30T16:05:59 EEST" duration-ms="356" status="PASS">
          <reporter-output>
          </reporter-output>
        </test-method> <!-- tearDown -->
      </class> <!-- com.demoblaze.CheckoutTests -->
    </test> <!-- checkoutRndItemWithFullData -->
    <test started-at="2023-07-30T16:05:59 EEST" name="checkoutRndItemWithMissingData" finished-at="2023-07-30T16:06:07 EEST" duration-ms="8112">
      <class name="com.demoblaze.CheckoutTests">
        <test-method is-config="true" signature="setUp()[pri:0, instance:com.demoblaze.CheckoutTests@3d285d7e]" started-at="2023-07-30T16:05:59 EEST" name="setUp" finished-at="2023-07-30T16:06:01 EEST" duration-ms="2413" status="PASS">
          <reporter-output>
          </reporter-output>
        </test-method> <!-- setUp -->
        <test-method signature="checkoutWithMissingData()[pri:0, instance:com.demoblaze.CheckoutTests@3d285d7e]" started-at="2023-07-30T16:06:01 EEST" name="checkoutWithMissingData" finished-at="2023-07-30T16:06:07 EEST" duration-ms="5380" status="PASS">
          <reporter-output>
          </reporter-output>
        </test-method> <!-- checkoutWithMissingData -->
        <test-method is-config="true" signature="tearDown()[pri:0, instance:com.demoblaze.CheckoutTests@3d285d7e]" started-at="2023-07-30T16:06:07 EEST" name="tearDown" finished-at="2023-07-30T16:06:07 EEST" duration-ms="315" status="PASS">
          <reporter-output>
          </reporter-output>
        </test-method> <!-- tearDown -->
      </class> <!-- com.demoblaze.CheckoutTests -->
    </test> <!-- checkoutRndItemWithMissingData -->
  </suite> <!-- checkoutTests -->
</testng-results>
